2020-07-20 05:44:07,137 - mmdet - INFO - Environment info:
------------------------------------------------------------
sys.platform: linux
Python: 3.7.7 (default, Mar 23 2020, 22:36:06) [GCC 7.3.0]
CUDA available: True
CUDA_HOME: /usr/local/cuda
NVCC: Cuda compilation tools, release 10.1, V10.1.243
GPU 0: GeForce RTX 2080 Ti
GCC: gcc (Ubuntu 7.4.0-1ubuntu1~18.04.1) 7.4.0
PyTorch: 1.5.1
PyTorch compiling details: PyTorch built with:
  - GCC 7.3
  - C++ Version: 201402
  - Intel(R) Math Kernel Library Version 2020.0.0 Product Build 20191122 for Intel(R) 64 architecture applications
  - Intel(R) MKL-DNN v0.21.1 (Git Hash 7d2fd500bc78936d1d648ca713b901012f470dbc)
  - OpenMP 201511 (a.k.a. OpenMP 4.5)
  - NNPACK is enabled
  - CPU capability usage: AVX2
  - CUDA Runtime 10.1
  - NVCC architecture flags: -gencode;arch=compute_37,code=sm_37;-gencode;arch=compute_50,code=sm_50;-gencode;arch=compute_60,code=sm_60;-gencode;arch=compute_61,code=sm_61;-gencode;arch=compute_70,code=sm_70;-gencode;arch=compute_75,code=sm_75;-gencode;arch=compute_37,code=compute_37
  - CuDNN 7.6.3
  - Magma 2.5.2
  - Build settings: BLAS=MKL, BUILD_TYPE=Release, CXX_FLAGS= -Wno-deprecated -fvisibility-inlines-hidden -fopenmp -DNDEBUG -DUSE_FBGEMM -DUSE_QNNPACK -DUSE_PYTORCH_QNNPACK -DUSE_XNNPACK -DUSE_INTERNAL_THREADPOOL_IMPL -O2 -fPIC -Wno-narrowing -Wall -Wextra -Werror=return-type -Wno-missing-field-initializers -Wno-type-limits -Wno-array-bounds -Wno-unknown-pragmas -Wno-sign-compare -Wno-unused-parameter -Wno-unused-variable -Wno-unused-function -Wno-unused-result -Wno-strict-overflow -Wno-strict-aliasing -Wno-error=deprecated-declarations -Wno-stringop-overflow -Wno-error=pedantic -Wno-error=redundant-decls -Wno-error=old-style-cast -fdiagnostics-color=always -faligned-new -Wno-unused-but-set-variable -Wno-maybe-uninitialized -fno-math-errno -fno-trapping-math -Werror=format -Wno-stringop-overflow, PERF_WITH_AVX=1, PERF_WITH_AVX2=1, PERF_WITH_AVX512=1, USE_CUDA=ON, USE_EXCEPTION_PTR=1, USE_GFLAGS=OFF, USE_GLOG=OFF, USE_MKL=ON, USE_MKLDNN=ON, USE_MPI=OFF, USE_NCCL=ON, USE_NNPACK=ON, USE_OPENMP=ON, USE_STATIC_DISPATCH=OFF, 

TorchVision: 0.6.0a0+35d732a
OpenCV: 4.2.0
MMCV: 1.0.3
MMDetection: 2.3.0rc0+adc65ff
MMDetection Compiler: GCC 7.4
MMDetection CUDA Compiler: 10.1
------------------------------------------------------------

2020-07-20 05:44:07,137 - mmdet - INFO - Distributed training: False
2020-07-20 05:44:08,389 - mmdet - INFO - Config:
classes = ('knife', 'scissors', 'lighter', 'zippooil', 'pressure', 'slingshot',
           'handcuffs', 'nailpolish', 'powerbank', 'firecrackers')
fp16 = dict(loss_scale=512.0)
num_classes = 10
batch_size = 8
fold_index = 0
pretrained = '/fengyouliang/pth/faster_rcnn_r50_fpn_2x_coco_bbox_mAP-0.384_20200504_210434-a5d8aa15.pth'
model = dict(
    type='FasterRCNN',
    pretrained='torchvision://resnet50',
    backbone=dict(
        type='ResNet',
        depth=50,
        num_stages=4,
        out_indices=(0, 1, 2, 3),
        frozen_stages=1,
        norm_cfg=dict(type='BN', requires_grad=True),
        norm_eval=True,
        style='pytorch'),
    neck=dict(
        type='FPN',
        in_channels=[256, 512, 1024, 2048],
        out_channels=256,
        num_outs=5),
    rpn_head=dict(
        type='RPNHead',
        in_channels=256,
        feat_channels=256,
        anchor_generator=dict(
            type='AnchorGenerator',
            scales=[8],
            ratios=[0.5, 1.0, 2.0],
            strides=[4, 8, 16, 32, 64]),
        bbox_coder=dict(
            type='DeltaXYWHBBoxCoder',
            target_means=[0.0, 0.0, 0.0, 0.0],
            target_stds=[1.0, 1.0, 1.0, 1.0]),
        loss_cls=dict(
            type='CrossEntropyLoss', use_sigmoid=True, loss_weight=1.0),
        loss_bbox=dict(type='L1Loss', loss_weight=1.0)),
    roi_head=dict(
        type='StandardRoIHead',
        bbox_roi_extractor=dict(
            type='SingleRoIExtractor',
            roi_layer=dict(type='RoIAlign', output_size=7, sampling_ratio=0),
            out_channels=256,
            featmap_strides=[4, 8, 16, 32]),
        bbox_head=dict(
            type='Shared2FCBBoxHead',
            in_channels=256,
            fc_out_channels=1024,
            roi_feat_size=7,
            num_classes=10,
            bbox_coder=dict(
                type='DeltaXYWHBBoxCoder',
                target_means=[0.0, 0.0, 0.0, 0.0],
                target_stds=[0.1, 0.1, 0.2, 0.2]),
            reg_class_agnostic=False,
            loss_cls=dict(
                type='CrossEntropyLoss', use_sigmoid=False, loss_weight=1.0),
            loss_bbox=dict(type='L1Loss', loss_weight=1.0))))
train_cfg = dict(
    rpn=dict(
        assigner=dict(
            type='MaxIoUAssigner',
            pos_iou_thr=0.7,
            neg_iou_thr=0.3,
            min_pos_iou=0.3,
            match_low_quality=True,
            ignore_iof_thr=-1),
        sampler=dict(
            type='RandomSampler',
            num=256,
            pos_fraction=0.5,
            neg_pos_ub=-1,
            add_gt_as_proposals=False),
        allowed_border=-1,
        pos_weight=-1,
        debug=False),
    rpn_proposal=dict(
        nms_across_levels=False,
        nms_pre=2000,
        nms_post=1000,
        max_num=1000,
        nms_thr=0.7,
        min_bbox_size=0),
    rcnn=dict(
        assigner=dict(
            type='MaxIoUAssigner',
            pos_iou_thr=0.5,
            neg_iou_thr=0.5,
            min_pos_iou=0.5,
            match_low_quality=False,
            ignore_iof_thr=-1),
        sampler=dict(
            type='RandomSampler',
            num=512,
            pos_fraction=0.25,
            neg_pos_ub=-1,
            add_gt_as_proposals=True),
        pos_weight=-1,
        debug=False))
test_cfg = dict(
    rpn=dict(
        nms_across_levels=False,
        nms_pre=1000,
        nms_post=1000,
        max_num=1000,
        nms_thr=0.7,
        min_bbox_size=0),
    rcnn=dict(
        score_thr=0.05,
        nms=dict(type='nms', iou_threshold=0.5),
        max_per_img=100))
dataset_type = 'CocoDataset'
data_root = '/fengyouliang/datasets/x-ray/coco/'
img_norm_cfg = dict(
    mean=[123.675, 116.28, 103.53], std=[58.395, 57.12, 57.375], to_rgb=True)
train_pipeline = [
    dict(type='LoadImageFromFile'),
    dict(type='LoadAnnotations', with_bbox=True),
    dict(type='Resize', img_scale=(1333, 800), keep_ratio=True),
    dict(type='RandomFlip', flip_ratio=0.5),
    dict(
        type='Normalize',
        mean=[123.675, 116.28, 103.53],
        std=[58.395, 57.12, 57.375],
        to_rgb=True),
    dict(type='Pad', size_divisor=32),
    dict(type='DefaultFormatBundle'),
    dict(type='Collect', keys=['img', 'gt_bboxes', 'gt_labels'])
]
test_pipeline = [
    dict(type='LoadImageFromFile'),
    dict(
        type='MultiScaleFlipAug',
        img_scale=(1333, 800),
        flip=False,
        transforms=[
            dict(type='Resize', keep_ratio=True),
            dict(type='RandomFlip'),
            dict(
                type='Normalize',
                mean=[123.675, 116.28, 103.53],
                std=[58.395, 57.12, 57.375],
                to_rgb=True),
            dict(type='Pad', size_divisor=32),
            dict(type='ImageToTensor', keys=['img']),
            dict(type='Collect', keys=['img'])
        ])
]
data = dict(
    samples_per_gpu=8,
    workers_per_gpu=0,
    train=dict(
        type='CocoDataset',
        classes=('knife', 'scissors', 'lighter', 'zippooil', 'pressure',
                 'slingshot', 'handcuffs', 'nailpolish', 'powerbank',
                 'firecrackers'),
        ann_file=
        '/fengyouliang/datasets/x-ray/coco/annotations/fold0/train.json',
        img_prefix='/fengyouliang/datasets/x-ray/coco/images/',
        pipeline=[
            dict(type='LoadImageFromFile'),
            dict(type='LoadAnnotations', with_bbox=True),
            dict(type='Resize', img_scale=(1333, 800), keep_ratio=True),
            dict(type='RandomFlip', flip_ratio=0.5),
            dict(
                type='Normalize',
                mean=[123.675, 116.28, 103.53],
                std=[58.395, 57.12, 57.375],
                to_rgb=True),
            dict(type='Pad', size_divisor=32),
            dict(type='DefaultFormatBundle'),
            dict(type='Collect', keys=['img', 'gt_bboxes', 'gt_labels'])
        ]),
    val=dict(
        type='CocoDataset',
        classes=('knife', 'scissors', 'lighter', 'zippooil', 'pressure',
                 'slingshot', 'handcuffs', 'nailpolish', 'powerbank',
                 'firecrackers'),
        ann_file='/fengyouliang/datasets/x-ray/coco/annotations/fold0/val.json',
        img_prefix='/fengyouliang/datasets/x-ray/coco/images/',
        pipeline=[
            dict(type='LoadImageFromFile'),
            dict(
                type='MultiScaleFlipAug',
                img_scale=(1333, 800),
                flip=False,
                transforms=[
                    dict(type='Resize', keep_ratio=True),
                    dict(type='RandomFlip'),
                    dict(
                        type='Normalize',
                        mean=[123.675, 116.28, 103.53],
                        std=[58.395, 57.12, 57.375],
                        to_rgb=True),
                    dict(type='Pad', size_divisor=32),
                    dict(type='ImageToTensor', keys=['img']),
                    dict(type='Collect', keys=['img'])
                ])
        ]),
    test=dict(
        type='CocoDataset',
        classes=('knife', 'scissors', 'lighter', 'zippooil', 'pressure',
                 'slingshot', 'handcuffs', 'nailpolish', 'powerbank',
                 'firecrackers'),
        ann_file='/fengyouliang/datasets/x-ray/coco/annotations/fold0/val.json',
        img_prefix='/fengyouliang/datasets/x-ray/coco/images/',
        pipeline=[
            dict(type='LoadImageFromFile'),
            dict(
                type='MultiScaleFlipAug',
                img_scale=(1333, 800),
                flip=False,
                transforms=[
                    dict(type='Resize', keep_ratio=True),
                    dict(type='RandomFlip'),
                    dict(
                        type='Normalize',
                        mean=[123.675, 116.28, 103.53],
                        std=[58.395, 57.12, 57.375],
                        to_rgb=True),
                    dict(type='Pad', size_divisor=32),
                    dict(type='ImageToTensor', keys=['img']),
                    dict(type='Collect', keys=['img'])
                ])
        ]))
evaluation = dict(interval=1, metric='bbox')
optimizer = dict(type='SGD', lr=0.0025, momentum=0.9, weight_decay=0.0001)
optimizer_config = dict(grad_clip=None)
lr_config = dict(
    policy='step',
    warmup='linear',
    warmup_iters=500,
    warmup_ratio=0.001,
    step=[8, 11])
total_epochs = 12
checkpoint_config = dict(interval=1)
log_config = dict(interval=50, hooks=[dict(type='TextLoggerHook')])
dist_params = dict(backend='nccl')
log_level = 'INFO'
load_from = '/fengyouliang/pth/faster_rcnn_r50_fpn_2x_coco_bbox_mAP-0.384_20200504_210434-a5d8aa15.pth'
resume_from = None
workflow = [('train', 1)]
work_dir = '../work_dirs/base_faster'
gpu_ids = range(0, 1)

2020-07-20 05:44:08,389 - mmdet - INFO - Set random seed to 41, deterministic: False
2020-07-20 05:44:08,798 - mmdet - INFO - load model from: torchvision://resnet50
2020-07-20 05:44:09,035 - mmdet - WARNING - The model and loaded state dict do not match exactly

unexpected key in source state_dict: fc.weight, fc.bias

2020-07-20 05:44:30,865 - mmdet - INFO - load checkpoint from /fengyouliang/pth/faster_rcnn_r50_fpn_2x_coco_bbox_mAP-0.384_20200504_210434-a5d8aa15.pth
2020-07-20 05:44:30,988 - mmdet - WARNING - The model and loaded state dict do not match exactly

size mismatch for roi_head.bbox_head.fc_cls.weight: copying a param with shape torch.Size([81, 1024]) from checkpoint, the shape in current model is torch.Size([11, 1024]).
size mismatch for roi_head.bbox_head.fc_cls.bias: copying a param with shape torch.Size([81]) from checkpoint, the shape in current model is torch.Size([11]).
size mismatch for roi_head.bbox_head.fc_reg.weight: copying a param with shape torch.Size([320, 1024]) from checkpoint, the shape in current model is torch.Size([40, 1024]).
size mismatch for roi_head.bbox_head.fc_reg.bias: copying a param with shape torch.Size([320]) from checkpoint, the shape in current model is torch.Size([40]).
2020-07-20 05:44:30,995 - mmdet - INFO - Start running, host: root@198a2d539191, work_dir: /workspace/projects/work_dirs/base_faster
2020-07-20 05:44:30,995 - mmdet - INFO - workflow: [('train', 1)], max: 12 epochs
2020-07-20 05:45:27,657 - mmdet - INFO - Epoch [1][50/361]	lr: 2.473e-04, eta: 1:20:05, time: 1.122, data_time: 0.305, memory: 6874, loss_rpn_cls: 0.0907, loss_rpn_bbox: 0.0226, loss_cls: 1.1899, acc: 73.9214, loss_bbox: 0.1531, loss: 1.4563
2020-07-20 05:46:17,841 - mmdet - INFO - Epoch [1][100/361]	lr: 4.970e-04, eta: 1:14:58, time: 1.004, data_time: 0.269, memory: 6886, loss_rpn_cls: 0.0505, loss_rpn_bbox: 0.0192, loss_cls: 0.2828, acc: 95.2383, loss_bbox: 0.1768, loss: 0.5293
2020-07-20 05:47:07,550 - mmdet - INFO - Epoch [1][150/361]	lr: 7.468e-04, eta: 1:12:29, time: 0.994, data_time: 0.261, memory: 6889, loss_rpn_cls: 0.0368, loss_rpn_bbox: 0.0167, loss_cls: 0.2646, acc: 95.0586, loss_bbox: 0.1847, loss: 0.5029
2020-07-20 05:47:57,646 - mmdet - INFO - Epoch [1][200/361]	lr: 9.965e-04, eta: 1:10:58, time: 1.002, data_time: 0.260, memory: 6891, loss_rpn_cls: 0.0382, loss_rpn_bbox: 0.0201, loss_cls: 0.2726, acc: 94.6514, loss_bbox: 0.1979, loss: 0.5287
2020-07-20 05:48:47,077 - mmdet - INFO - Epoch [1][250/361]	lr: 1.246e-03, eta: 1:09:32, time: 0.989, data_time: 0.258, memory: 6891, loss_rpn_cls: 0.0346, loss_rpn_bbox: 0.0194, loss_cls: 0.2664, acc: 94.4692, loss_bbox: 0.2041, loss: 0.5245
2020-07-20 05:49:36,812 - mmdet - INFO - Epoch [1][300/361]	lr: 1.496e-03, eta: 1:08:22, time: 0.995, data_time: 0.256, memory: 6891, loss_rpn_cls: 0.0294, loss_rpn_bbox: 0.0202, loss_cls: 0.2950, acc: 93.3999, loss_bbox: 0.2362, loss: 0.5809
2020-07-20 05:50:26,921 - mmdet - INFO - Epoch [1][350/361]	lr: 1.746e-03, eta: 1:07:23, time: 1.002, data_time: 0.260, memory: 6896, loss_rpn_cls: 0.0287, loss_rpn_bbox: 0.0205, loss_cls: 0.2771, acc: 93.7349, loss_bbox: 0.2160, loss: 0.5423
2020-07-20 05:50:37,939 - mmdet - INFO - Saving checkpoint at 1 epochs
2020-07-20 05:51:34,947 - mmdet - INFO - Evaluating bbox...
2020-07-20 05:51:38,762 - mmdet - INFO - Epoch [1][361/361]	lr: 1.801e-03, bbox_mAP: 0.0370, bbox_mAP_50: 0.0810, bbox_mAP_75: 0.0290, bbox_mAP_s: 0.0150, bbox_mAP_m: 0.0300, bbox_mAP_l: 0.0510, bbox_mAP_copypaste: 0.037 0.081 0.029 0.015 0.030 0.051
2020-07-20 05:52:27,636 - mmdet - INFO - Epoch [2][50/361]	lr: 2.050e-03, eta: 1:04:16, time: 0.977, data_time: 0.240, memory: 6898, loss_rpn_cls: 0.0241, loss_rpn_bbox: 0.0188, loss_cls: 0.2463, acc: 93.7769, loss_bbox: 0.2013, loss: 0.4904
2020-07-20 05:53:14,119 - mmdet - INFO - Epoch [2][100/361]	lr: 2.300e-03, eta: 1:03:04, time: 0.930, data_time: 0.192, memory: 6898, loss_rpn_cls: 0.0222, loss_rpn_bbox: 0.0178, loss_cls: 0.2372, acc: 93.8569, loss_bbox: 0.1887, loss: 0.4658
2020-07-20 05:54:00,831 - mmdet - INFO - Epoch [2][150/361]	lr: 2.500e-03, eta: 1:01:59, time: 0.934, data_time: 0.195, memory: 6898, loss_rpn_cls: 0.0196, loss_rpn_bbox: 0.0168, loss_cls: 0.2505, acc: 93.5464, loss_bbox: 0.1979, loss: 0.4848
2020-07-20 05:54:48,075 - mmdet - INFO - Epoch [2][200/361]	lr: 2.500e-03, eta: 1:01:01, time: 0.945, data_time: 0.201, memory: 6900, loss_rpn_cls: 0.0232, loss_rpn_bbox: 0.0158, loss_cls: 0.2364, acc: 93.6694, loss_bbox: 0.1797, loss: 0.4551
2020-07-20 05:55:34,231 - mmdet - INFO - Epoch [2][250/361]	lr: 2.500e-03, eta: 0:59:58, time: 0.923, data_time: 0.189, memory: 6902, loss_rpn_cls: 0.0215, loss_rpn_bbox: 0.0167, loss_cls: 0.2278, acc: 93.9443, loss_bbox: 0.1799, loss: 0.4459
2020-07-20 05:56:20,893 - mmdet - INFO - Epoch [2][300/361]	lr: 2.500e-03, eta: 0:59:00, time: 0.933, data_time: 0.192, memory: 6902, loss_rpn_cls: 0.0207, loss_rpn_bbox: 0.0163, loss_cls: 0.2066, acc: 94.4072, loss_bbox: 0.1701, loss: 0.4139
2020-07-20 05:57:07,230 - mmdet - INFO - Epoch [2][350/361]	lr: 2.500e-03, eta: 0:58:02, time: 0.927, data_time: 0.189, memory: 6902, loss_rpn_cls: 0.0185, loss_rpn_bbox: 0.0166, loss_cls: 0.2137, acc: 94.2158, loss_bbox: 0.1807, loss: 0.4295
2020-07-20 05:57:17,591 - mmdet - INFO - Saving checkpoint at 2 epochs
2020-07-20 05:58:07,021 - mmdet - INFO - Evaluating bbox...
2020-07-20 05:58:09,066 - mmdet - INFO - Epoch [2][361/361]	lr: 2.500e-03, bbox_mAP: 0.1460, bbox_mAP_50: 0.2660, bbox_mAP_75: 0.1380, bbox_mAP_s: 0.0750, bbox_mAP_m: 0.1210, bbox_mAP_l: 0.2360, bbox_mAP_copypaste: 0.146 0.266 0.138 0.075 0.121 0.236
2020-07-20 05:58:57,427 - mmdet - INFO - Epoch [3][50/361]	lr: 2.500e-03, eta: 0:56:16, time: 0.967, data_time: 0.230, memory: 6902, loss_rpn_cls: 0.0150, loss_rpn_bbox: 0.0151, loss_cls: 0.2064, acc: 94.2295, loss_bbox: 0.1793, loss: 0.4159
2020-07-20 05:59:43,752 - mmdet - INFO - Epoch [3][100/361]	lr: 2.500e-03, eta: 0:55:24, time: 0.926, data_time: 0.190, memory: 6902, loss_rpn_cls: 0.0147, loss_rpn_bbox: 0.0154, loss_cls: 0.2001, acc: 94.2974, loss_bbox: 0.1746, loss: 0.4048
2020-07-20 06:00:30,613 - mmdet - INFO - Epoch [3][150/361]	lr: 2.500e-03, eta: 0:54:34, time: 0.937, data_time: 0.190, memory: 6902, loss_rpn_cls: 0.0148, loss_rpn_bbox: 0.0173, loss_cls: 0.2015, acc: 94.0791, loss_bbox: 0.1846, loss: 0.4181
2020-07-20 06:01:17,139 - mmdet - INFO - Epoch [3][200/361]	lr: 2.500e-03, eta: 0:53:44, time: 0.930, data_time: 0.190, memory: 6902, loss_rpn_cls: 0.0144, loss_rpn_bbox: 0.0152, loss_cls: 0.2013, acc: 94.2568, loss_bbox: 0.1777, loss: 0.4086
2020-07-20 06:02:03,583 - mmdet - INFO - Epoch [3][250/361]	lr: 2.500e-03, eta: 0:52:54, time: 0.929, data_time: 0.189, memory: 6902, loss_rpn_cls: 0.0174, loss_rpn_bbox: 0.0168, loss_cls: 0.1970, acc: 94.4282, loss_bbox: 0.1782, loss: 0.4094
2020-07-20 06:02:50,532 - mmdet - INFO - Epoch [3][300/361]	lr: 2.500e-03, eta: 0:52:06, time: 0.939, data_time: 0.197, memory: 6902, loss_rpn_cls: 0.0138, loss_rpn_bbox: 0.0147, loss_cls: 0.1900, acc: 94.6421, loss_bbox: 0.1670, loss: 0.3855
2020-07-20 06:03:37,549 - mmdet - INFO - Epoch [3][350/361]	lr: 2.500e-03, eta: 0:51:18, time: 0.940, data_time: 0.195, memory: 6902, loss_rpn_cls: 0.0153, loss_rpn_bbox: 0.0159, loss_cls: 0.1924, acc: 94.3076, loss_bbox: 0.1744, loss: 0.3979
2020-07-20 06:03:47,721 - mmdet - INFO - Saving checkpoint at 3 epochs
2020-07-20 06:04:37,684 - mmdet - INFO - Evaluating bbox...
2020-07-20 06:04:39,811 - mmdet - INFO - Epoch [3][361/361]	lr: 2.500e-03, bbox_mAP: 0.2370, bbox_mAP_50: 0.4150, bbox_mAP_75: 0.2390, bbox_mAP_s: 0.0960, bbox_mAP_m: 0.2220, bbox_mAP_l: 0.3190, bbox_mAP_copypaste: 0.237 0.415 0.239 0.096 0.222 0.319
2020-07-20 06:05:28,547 - mmdet - INFO - Epoch [4][50/361]	lr: 2.500e-03, eta: 0:49:55, time: 0.975, data_time: 0.230, memory: 6902, loss_rpn_cls: 0.0124, loss_rpn_bbox: 0.0150, loss_cls: 0.1752, acc: 94.8638, loss_bbox: 0.1660, loss: 0.3686
2020-07-20 06:06:14,722 - mmdet - INFO - Epoch [4][100/361]	lr: 2.500e-03, eta: 0:49:07, time: 0.923, data_time: 0.187, memory: 6902, loss_rpn_cls: 0.0108, loss_rpn_bbox: 0.0141, loss_cls: 0.1668, acc: 95.0483, loss_bbox: 0.1588, loss: 0.3505
2020-07-20 06:07:00,882 - mmdet - INFO - Epoch [4][150/361]	lr: 2.500e-03, eta: 0:48:18, time: 0.923, data_time: 0.186, memory: 6902, loss_rpn_cls: 0.0125, loss_rpn_bbox: 0.0154, loss_cls: 0.1827, acc: 94.5684, loss_bbox: 0.1737, loss: 0.3843
2020-07-20 06:07:47,489 - mmdet - INFO - Epoch [4][200/361]	lr: 2.500e-03, eta: 0:47:31, time: 0.932, data_time: 0.193, memory: 6902, loss_rpn_cls: 0.0113, loss_rpn_bbox: 0.0146, loss_cls: 0.1702, acc: 94.9531, loss_bbox: 0.1622, loss: 0.3583
2020-07-20 06:08:34,071 - mmdet - INFO - Epoch [4][250/361]	lr: 2.500e-03, eta: 0:46:44, time: 0.932, data_time: 0.194, memory: 6902, loss_rpn_cls: 0.0115, loss_rpn_bbox: 0.0144, loss_cls: 0.1701, acc: 94.9312, loss_bbox: 0.1664, loss: 0.3624
2020-07-20 06:09:20,873 - mmdet - INFO - Epoch [4][300/361]	lr: 2.500e-03, eta: 0:45:57, time: 0.936, data_time: 0.191, memory: 6902, loss_rpn_cls: 0.0119, loss_rpn_bbox: 0.0149, loss_cls: 0.1846, acc: 94.4546, loss_bbox: 0.1846, loss: 0.3960
2020-07-20 06:10:06,925 - mmdet - INFO - Epoch [4][350/361]	lr: 2.500e-03, eta: 0:45:09, time: 0.921, data_time: 0.186, memory: 6902, loss_rpn_cls: 0.0139, loss_rpn_bbox: 0.0149, loss_cls: 0.1622, acc: 95.0513, loss_bbox: 0.1622, loss: 0.3531
2020-07-20 06:10:17,206 - mmdet - INFO - Saving checkpoint at 4 epochs
2020-07-20 06:11:08,350 - mmdet - INFO - Evaluating bbox...
2020-07-20 06:11:10,696 - mmdet - INFO - Epoch [4][361/361]	lr: 2.500e-03, bbox_mAP: 0.2910, bbox_mAP_50: 0.5110, bbox_mAP_75: 0.2880, bbox_mAP_s: 0.0990, bbox_mAP_m: 0.2780, bbox_mAP_l: 0.3560, bbox_mAP_copypaste: 0.291 0.511 0.288 0.099 0.278 0.356
2020-07-20 06:11:59,250 - mmdet - INFO - Epoch [5][50/361]	lr: 2.500e-03, eta: 0:43:56, time: 0.971, data_time: 0.233, memory: 6902, loss_rpn_cls: 0.0084, loss_rpn_bbox: 0.0142, loss_cls: 0.1511, acc: 95.2563, loss_bbox: 0.1643, loss: 0.3380
2020-07-20 06:12:46,718 - mmdet - INFO - Epoch [5][100/361]	lr: 2.500e-03, eta: 0:43:11, time: 0.949, data_time: 0.205, memory: 6902, loss_rpn_cls: 0.0090, loss_rpn_bbox: 0.0145, loss_cls: 0.1609, acc: 95.0464, loss_bbox: 0.1667, loss: 0.3512
2020-07-20 06:13:33,017 - mmdet - INFO - Epoch [5][150/361]	lr: 2.500e-03, eta: 0:42:25, time: 0.926, data_time: 0.184, memory: 6902, loss_rpn_cls: 0.0099, loss_rpn_bbox: 0.0146, loss_cls: 0.1543, acc: 95.1738, loss_bbox: 0.1632, loss: 0.3421
2020-07-20 06:14:19,306 - mmdet - INFO - Epoch [5][200/361]	lr: 2.500e-03, eta: 0:41:38, time: 0.926, data_time: 0.188, memory: 6902, loss_rpn_cls: 0.0102, loss_rpn_bbox: 0.0136, loss_cls: 0.1538, acc: 95.2920, loss_bbox: 0.1616, loss: 0.3392
2020-07-20 06:15:04,850 - mmdet - INFO - Epoch [5][250/361]	lr: 2.500e-03, eta: 0:40:50, time: 0.911, data_time: 0.176, memory: 6902, loss_rpn_cls: 0.0095, loss_rpn_bbox: 0.0152, loss_cls: 0.1617, acc: 95.0747, loss_bbox: 0.1672, loss: 0.3535
2020-07-20 06:15:51,051 - mmdet - INFO - Epoch [5][300/361]	lr: 2.500e-03, eta: 0:40:03, time: 0.924, data_time: 0.182, memory: 6902, loss_rpn_cls: 0.0102, loss_rpn_bbox: 0.0130, loss_cls: 0.1629, acc: 95.0449, loss_bbox: 0.1630, loss: 0.3492
2020-07-20 06:16:36,900 - mmdet - INFO - Epoch [5][350/361]	lr: 2.500e-03, eta: 0:39:16, time: 0.917, data_time: 0.182, memory: 6902, loss_rpn_cls: 0.0104, loss_rpn_bbox: 0.0135, loss_cls: 0.1549, acc: 95.4238, loss_bbox: 0.1498, loss: 0.3286
2020-07-20 06:16:47,020 - mmdet - INFO - Saving checkpoint at 5 epochs
2020-07-20 06:17:35,511 - mmdet - INFO - Evaluating bbox...
2020-07-20 06:17:37,536 - mmdet - INFO - Epoch [5][361/361]	lr: 2.500e-03, bbox_mAP: 0.3170, bbox_mAP_50: 0.5530, bbox_mAP_75: 0.3240, bbox_mAP_s: 0.1080, bbox_mAP_m: 0.2880, bbox_mAP_l: 0.3900, bbox_mAP_copypaste: 0.317 0.553 0.324 0.108 0.288 0.390
2020-07-20 06:18:25,306 - mmdet - INFO - Epoch [6][50/361]	lr: 2.500e-03, eta: 0:38:07, time: 0.955, data_time: 0.222, memory: 6902, loss_rpn_cls: 0.0080, loss_rpn_bbox: 0.0126, loss_cls: 0.1385, acc: 95.6475, loss_bbox: 0.1525, loss: 0.3116
2020-07-20 06:19:11,428 - mmdet - INFO - Epoch [6][100/361]	lr: 2.500e-03, eta: 0:37:21, time: 0.922, data_time: 0.185, memory: 6902, loss_rpn_cls: 0.0083, loss_rpn_bbox: 0.0119, loss_cls: 0.1370, acc: 95.6675, loss_bbox: 0.1461, loss: 0.3032
2020-07-20 06:19:57,787 - mmdet - INFO - Epoch [6][150/361]	lr: 2.500e-03, eta: 0:36:35, time: 0.927, data_time: 0.190, memory: 6902, loss_rpn_cls: 0.0073, loss_rpn_bbox: 0.0128, loss_cls: 0.1319, acc: 95.7632, loss_bbox: 0.1457, loss: 0.2976
2020-07-20 06:20:44,561 - mmdet - INFO - Epoch [6][200/361]	lr: 2.500e-03, eta: 0:35:50, time: 0.935, data_time: 0.193, memory: 6902, loss_rpn_cls: 0.0081, loss_rpn_bbox: 0.0150, loss_cls: 0.1451, acc: 95.3018, loss_bbox: 0.1664, loss: 0.3347
2020-07-20 06:21:31,226 - mmdet - INFO - Epoch [6][250/361]	lr: 2.500e-03, eta: 0:35:04, time: 0.933, data_time: 0.190, memory: 6902, loss_rpn_cls: 0.0084, loss_rpn_bbox: 0.0131, loss_cls: 0.1330, acc: 95.8052, loss_bbox: 0.1498, loss: 0.3042
2020-07-20 06:22:17,937 - mmdet - INFO - Epoch [6][300/361]	lr: 2.500e-03, eta: 0:34:18, time: 0.934, data_time: 0.192, memory: 6902, loss_rpn_cls: 0.0080, loss_rpn_bbox: 0.0133, loss_cls: 0.1352, acc: 95.7769, loss_bbox: 0.1542, loss: 0.3106
2020-07-20 06:23:04,656 - mmdet - INFO - Epoch [6][350/361]	lr: 2.500e-03, eta: 0:33:33, time: 0.934, data_time: 0.190, memory: 6902, loss_rpn_cls: 0.0078, loss_rpn_bbox: 0.0142, loss_cls: 0.1384, acc: 95.5981, loss_bbox: 0.1549, loss: 0.3154
2020-07-20 06:23:15,151 - mmdet - INFO - Saving checkpoint at 6 epochs
2020-07-20 06:24:04,938 - mmdet - INFO - Evaluating bbox...
2020-07-20 06:24:07,267 - mmdet - INFO - Epoch [6][361/361]	lr: 2.500e-03, bbox_mAP: 0.3220, bbox_mAP_50: 0.5830, bbox_mAP_75: 0.3160, bbox_mAP_s: 0.1230, bbox_mAP_m: 0.2960, bbox_mAP_l: 0.3920, bbox_mAP_copypaste: 0.322 0.583 0.316 0.123 0.296 0.392
2020-07-20 06:24:55,627 - mmdet - INFO - Epoch [7][50/361]	lr: 2.500e-03, eta: 0:32:28, time: 0.967, data_time: 0.232, memory: 6902, loss_rpn_cls: 0.0068, loss_rpn_bbox: 0.0129, loss_cls: 0.1260, acc: 95.9951, loss_bbox: 0.1453, loss: 0.2910
2020-07-20 06:25:42,365 - mmdet - INFO - Epoch [7][100/361]	lr: 2.500e-03, eta: 0:31:43, time: 0.935, data_time: 0.193, memory: 6902, loss_rpn_cls: 0.0068, loss_rpn_bbox: 0.0137, loss_cls: 0.1314, acc: 95.8501, loss_bbox: 0.1553, loss: 0.3073
2020-07-20 06:26:28,994 - mmdet - INFO - Epoch [7][150/361]	lr: 2.500e-03, eta: 0:30:57, time: 0.933, data_time: 0.192, memory: 6902, loss_rpn_cls: 0.0075, loss_rpn_bbox: 0.0136, loss_cls: 0.1260, acc: 95.9854, loss_bbox: 0.1483, loss: 0.2955
2020-07-20 06:27:15,421 - mmdet - INFO - Epoch [7][200/361]	lr: 2.500e-03, eta: 0:30:12, time: 0.929, data_time: 0.189, memory: 6902, loss_rpn_cls: 0.0063, loss_rpn_bbox: 0.0122, loss_cls: 0.1259, acc: 95.8101, loss_bbox: 0.1450, loss: 0.2895
2020-07-20 06:28:01,869 - mmdet - INFO - Epoch [7][250/361]	lr: 2.500e-03, eta: 0:29:26, time: 0.929, data_time: 0.190, memory: 6902, loss_rpn_cls: 0.0067, loss_rpn_bbox: 0.0117, loss_cls: 0.1240, acc: 96.0225, loss_bbox: 0.1455, loss: 0.2879
2020-07-20 06:28:48,394 - mmdet - INFO - Epoch [7][300/361]	lr: 2.500e-03, eta: 0:28:40, time: 0.930, data_time: 0.190, memory: 6902, loss_rpn_cls: 0.0068, loss_rpn_bbox: 0.0138, loss_cls: 0.1255, acc: 95.9487, loss_bbox: 0.1485, loss: 0.2946
2020-07-20 06:29:35,154 - mmdet - INFO - Epoch [7][350/361]	lr: 2.500e-03, eta: 0:27:54, time: 0.935, data_time: 0.190, memory: 6902, loss_rpn_cls: 0.0062, loss_rpn_bbox: 0.0124, loss_cls: 0.1223, acc: 96.0244, loss_bbox: 0.1473, loss: 0.2882
2020-07-20 06:29:45,551 - mmdet - INFO - Saving checkpoint at 7 epochs
2020-07-20 06:30:36,058 - mmdet - INFO - Evaluating bbox...
2020-07-20 06:30:37,946 - mmdet - INFO - Epoch [7][361/361]	lr: 2.500e-03, bbox_mAP: 0.3320, bbox_mAP_50: 0.5860, bbox_mAP_75: 0.3390, bbox_mAP_s: 0.1170, bbox_mAP_m: 0.3030, bbox_mAP_l: 0.3980, bbox_mAP_copypaste: 0.332 0.586 0.339 0.117 0.303 0.398
2020-07-20 06:31:26,364 - mmdet - INFO - Epoch [8][50/361]	lr: 2.500e-03, eta: 0:26:53, time: 0.968, data_time: 0.230, memory: 6902, loss_rpn_cls: 0.0058, loss_rpn_bbox: 0.0127, loss_cls: 0.1135, acc: 96.3223, loss_bbox: 0.1405, loss: 0.2725
2020-07-20 06:32:13,316 - mmdet - INFO - Epoch [8][100/361]	lr: 2.500e-03, eta: 0:26:08, time: 0.939, data_time: 0.197, memory: 6902, loss_rpn_cls: 0.0053, loss_rpn_bbox: 0.0127, loss_cls: 0.1180, acc: 96.1006, loss_bbox: 0.1511, loss: 0.2871
2020-07-20 06:32:59,657 - mmdet - INFO - Epoch [8][150/361]	lr: 2.500e-03, eta: 0:25:22, time: 0.927, data_time: 0.188, memory: 6902, loss_rpn_cls: 0.0068, loss_rpn_bbox: 0.0125, loss_cls: 0.1154, acc: 96.1284, loss_bbox: 0.1453, loss: 0.2801
2020-07-20 06:33:46,281 - mmdet - INFO - Epoch [8][200/361]	lr: 2.500e-03, eta: 0:24:36, time: 0.932, data_time: 0.192, memory: 6902, loss_rpn_cls: 0.0056, loss_rpn_bbox: 0.0121, loss_cls: 0.1105, acc: 96.3291, loss_bbox: 0.1385, loss: 0.2667
2020-07-20 06:34:33,086 - mmdet - INFO - Epoch [8][250/361]	lr: 2.500e-03, eta: 0:23:51, time: 0.936, data_time: 0.192, memory: 6902, loss_rpn_cls: 0.0064, loss_rpn_bbox: 0.0129, loss_cls: 0.1182, acc: 96.1523, loss_bbox: 0.1476, loss: 0.2851
2020-07-20 06:35:19,691 - mmdet - INFO - Epoch [8][300/361]	lr: 2.500e-03, eta: 0:23:05, time: 0.932, data_time: 0.192, memory: 6902, loss_rpn_cls: 0.0053, loss_rpn_bbox: 0.0112, loss_cls: 0.1133, acc: 96.2339, loss_bbox: 0.1437, loss: 0.2735
2020-07-20 06:36:05,682 - mmdet - INFO - Epoch [8][350/361]	lr: 2.500e-03, eta: 0:22:19, time: 0.920, data_time: 0.188, memory: 6902, loss_rpn_cls: 0.0052, loss_rpn_bbox: 0.0114, loss_cls: 0.1122, acc: 96.3486, loss_bbox: 0.1367, loss: 0.2655
2020-07-20 06:36:15,833 - mmdet - INFO - Saving checkpoint at 8 epochs
2020-07-20 06:37:06,839 - mmdet - INFO - Evaluating bbox...
2020-07-20 06:37:08,690 - mmdet - INFO - Epoch [8][361/361]	lr: 2.500e-03, bbox_mAP: 0.3470, bbox_mAP_50: 0.6030, bbox_mAP_75: 0.3640, bbox_mAP_s: 0.1270, bbox_mAP_m: 0.3140, bbox_mAP_l: 0.4250, bbox_mAP_copypaste: 0.347 0.603 0.364 0.127 0.314 0.425
2020-07-20 06:37:57,116 - mmdet - INFO - Epoch [9][50/361]	lr: 2.500e-04, eta: 0:21:19, time: 0.968, data_time: 0.228, memory: 6902, loss_rpn_cls: 0.0043, loss_rpn_bbox: 0.0117, loss_cls: 0.0985, acc: 96.7588, loss_bbox: 0.1319, loss: 0.2464
2020-07-20 06:38:43,576 - mmdet - INFO - Epoch [9][100/361]	lr: 2.500e-04, eta: 0:20:33, time: 0.929, data_time: 0.189, memory: 6902, loss_rpn_cls: 0.0040, loss_rpn_bbox: 0.0119, loss_cls: 0.0958, acc: 96.9131, loss_bbox: 0.1305, loss: 0.2421
2020-07-20 06:39:30,137 - mmdet - INFO - Epoch [9][150/361]	lr: 2.500e-04, eta: 0:19:48, time: 0.931, data_time: 0.190, memory: 6902, loss_rpn_cls: 0.0037, loss_rpn_bbox: 0.0112, loss_cls: 0.0936, acc: 96.9160, loss_bbox: 0.1262, loss: 0.2347
2020-07-20 06:40:16,930 - mmdet - INFO - Epoch [9][200/361]	lr: 2.500e-04, eta: 0:19:02, time: 0.936, data_time: 0.195, memory: 6902, loss_rpn_cls: 0.0045, loss_rpn_bbox: 0.0118, loss_cls: 0.0972, acc: 96.7764, loss_bbox: 0.1335, loss: 0.2470
2020-07-20 06:41:02,916 - mmdet - INFO - Epoch [9][250/361]	lr: 2.500e-04, eta: 0:18:16, time: 0.920, data_time: 0.189, memory: 6902, loss_rpn_cls: 0.0040, loss_rpn_bbox: 0.0108, loss_cls: 0.0892, acc: 97.0679, loss_bbox: 0.1198, loss: 0.2238
2020-07-20 06:41:49,319 - mmdet - INFO - Epoch [9][300/361]	lr: 2.500e-04, eta: 0:17:31, time: 0.928, data_time: 0.190, memory: 6902, loss_rpn_cls: 0.0047, loss_rpn_bbox: 0.0114, loss_cls: 0.0939, acc: 96.8652, loss_bbox: 0.1316, loss: 0.2416
2020-07-20 06:42:35,385 - mmdet - INFO - Epoch [9][350/361]	lr: 2.500e-04, eta: 0:16:45, time: 0.921, data_time: 0.190, memory: 6902, loss_rpn_cls: 0.0038, loss_rpn_bbox: 0.0113, loss_cls: 0.0927, acc: 96.9307, loss_bbox: 0.1256, loss: 0.2334
2020-07-20 06:42:45,670 - mmdet - INFO - Saving checkpoint at 9 epochs
2020-07-20 06:43:36,331 - mmdet - INFO - Evaluating bbox...
2020-07-20 06:43:38,183 - mmdet - INFO - Epoch [9][361/361]	lr: 2.500e-04, bbox_mAP: 0.3550, bbox_mAP_50: 0.6220, bbox_mAP_75: 0.3850, bbox_mAP_s: 0.1160, bbox_mAP_m: 0.3210, bbox_mAP_l: 0.4450, bbox_mAP_copypaste: 0.355 0.622 0.385 0.116 0.321 0.445
2020-07-20 06:44:26,532 - mmdet - INFO - Epoch [10][50/361]	lr: 2.500e-04, eta: 0:15:46, time: 0.967, data_time: 0.232, memory: 6902, loss_rpn_cls: 0.0034, loss_rpn_bbox: 0.0106, loss_cls: 0.0885, acc: 97.0337, loss_bbox: 0.1234, loss: 0.2258
2020-07-20 06:45:13,322 - mmdet - INFO - Epoch [10][100/361]	lr: 2.500e-04, eta: 0:15:01, time: 0.936, data_time: 0.194, memory: 6902, loss_rpn_cls: 0.0043, loss_rpn_bbox: 0.0112, loss_cls: 0.0922, acc: 96.9966, loss_bbox: 0.1283, loss: 0.2359
2020-07-20 06:45:59,339 - mmdet - INFO - Epoch [10][150/361]	lr: 2.500e-04, eta: 0:14:15, time: 0.920, data_time: 0.186, memory: 6902, loss_rpn_cls: 0.0039, loss_rpn_bbox: 0.0113, loss_cls: 0.0921, acc: 96.8599, loss_bbox: 0.1323, loss: 0.2396
2020-07-20 06:46:45,230 - mmdet - INFO - Epoch [10][200/361]	lr: 2.500e-04, eta: 0:13:29, time: 0.918, data_time: 0.185, memory: 6902, loss_rpn_cls: 0.0037, loss_rpn_bbox: 0.0116, loss_cls: 0.0933, acc: 96.8667, loss_bbox: 0.1265, loss: 0.2351
2020-07-20 06:47:31,787 - mmdet - INFO - Epoch [10][250/361]	lr: 2.500e-04, eta: 0:12:43, time: 0.931, data_time: 0.192, memory: 6902, loss_rpn_cls: 0.0046, loss_rpn_bbox: 0.0126, loss_cls: 0.0926, acc: 96.9497, loss_bbox: 0.1313, loss: 0.2410
2020-07-20 06:48:18,199 - mmdet - INFO - Epoch [10][300/361]	lr: 2.500e-04, eta: 0:11:58, time: 0.928, data_time: 0.189, memory: 6902, loss_rpn_cls: 0.0033, loss_rpn_bbox: 0.0104, loss_cls: 0.0878, acc: 96.9639, loss_bbox: 0.1252, loss: 0.2267
2020-07-20 06:49:04,906 - mmdet - INFO - Epoch [10][350/361]	lr: 2.500e-04, eta: 0:11:12, time: 0.934, data_time: 0.191, memory: 6902, loss_rpn_cls: 0.0037, loss_rpn_bbox: 0.0109, loss_cls: 0.0862, acc: 97.1182, loss_bbox: 0.1225, loss: 0.2233
2020-07-20 06:49:14,960 - mmdet - INFO - Saving checkpoint at 10 epochs
2020-07-20 06:50:05,231 - mmdet - INFO - Evaluating bbox...
2020-07-20 06:50:06,906 - mmdet - INFO - Epoch [10][361/361]	lr: 2.500e-04, bbox_mAP: 0.3580, bbox_mAP_50: 0.6190, bbox_mAP_75: 0.3870, bbox_mAP_s: 0.1200, bbox_mAP_m: 0.3230, bbox_mAP_l: 0.4450, bbox_mAP_copypaste: 0.358 0.619 0.387 0.120 0.323 0.445
2020-07-20 06:50:55,595 - mmdet - INFO - Epoch [11][50/361]	lr: 2.500e-04, eta: 0:10:15, time: 0.974, data_time: 0.234, memory: 6902, loss_rpn_cls: 0.0034, loss_rpn_bbox: 0.0101, loss_cls: 0.0810, acc: 97.2021, loss_bbox: 0.1213, loss: 0.2158
2020-07-20 06:51:42,113 - mmdet - INFO - Epoch [11][100/361]	lr: 2.500e-04, eta: 0:09:29, time: 0.930, data_time: 0.191, memory: 6902, loss_rpn_cls: 0.0038, loss_rpn_bbox: 0.0120, loss_cls: 0.0910, acc: 96.9580, loss_bbox: 0.1295, loss: 0.2363
2020-07-20 06:52:28,054 - mmdet - INFO - Epoch [11][150/361]	lr: 2.500e-04, eta: 0:08:43, time: 0.919, data_time: 0.188, memory: 6902, loss_rpn_cls: 0.0038, loss_rpn_bbox: 0.0104, loss_cls: 0.0857, acc: 97.1416, loss_bbox: 0.1241, loss: 0.2239
2020-07-20 06:53:14,604 - mmdet - INFO - Epoch [11][200/361]	lr: 2.500e-04, eta: 0:07:58, time: 0.931, data_time: 0.193, memory: 6902, loss_rpn_cls: 0.0047, loss_rpn_bbox: 0.0109, loss_cls: 0.0864, acc: 97.1055, loss_bbox: 0.1206, loss: 0.2226
2020-07-20 06:54:00,929 - mmdet - INFO - Epoch [11][250/361]	lr: 2.500e-04, eta: 0:07:12, time: 0.927, data_time: 0.187, memory: 6902, loss_rpn_cls: 0.0039, loss_rpn_bbox: 0.0119, loss_cls: 0.0902, acc: 96.9419, loss_bbox: 0.1288, loss: 0.2348
2020-07-20 06:54:47,736 - mmdet - INFO - Epoch [11][300/361]	lr: 2.500e-04, eta: 0:06:26, time: 0.936, data_time: 0.195, memory: 6902, loss_rpn_cls: 0.0030, loss_rpn_bbox: 0.0101, loss_cls: 0.0842, acc: 97.1597, loss_bbox: 0.1221, loss: 0.2195
2020-07-20 06:55:34,275 - mmdet - INFO - Epoch [11][350/361]	lr: 2.500e-04, eta: 0:05:40, time: 0.931, data_time: 0.192, memory: 6902, loss_rpn_cls: 0.0037, loss_rpn_bbox: 0.0122, loss_cls: 0.0901, acc: 96.9321, loss_bbox: 0.1291, loss: 0.2350
2020-07-20 06:55:44,617 - mmdet - INFO - Saving checkpoint at 11 epochs
2020-07-20 06:56:35,078 - mmdet - INFO - Evaluating bbox...
2020-07-20 06:56:36,776 - mmdet - INFO - Epoch [11][361/361]	lr: 2.500e-04, bbox_mAP: 0.3580, bbox_mAP_50: 0.6200, bbox_mAP_75: 0.3890, bbox_mAP_s: 0.1190, bbox_mAP_m: 0.3220, bbox_mAP_l: 0.4420, bbox_mAP_copypaste: 0.358 0.620 0.389 0.119 0.322 0.442
2020-07-20 06:57:24,726 - mmdet - INFO - Epoch [12][50/361]	lr: 2.500e-05, eta: 0:04:44, time: 0.959, data_time: 0.229, memory: 6902, loss_rpn_cls: 0.0030, loss_rpn_bbox: 0.0095, loss_cls: 0.0812, acc: 97.2241, loss_bbox: 0.1149, loss: 0.2085
2020-07-20 06:58:10,937 - mmdet - INFO - Epoch [12][100/361]	lr: 2.500e-05, eta: 0:03:58, time: 0.924, data_time: 0.192, memory: 6902, loss_rpn_cls: 0.0033, loss_rpn_bbox: 0.0107, loss_cls: 0.0831, acc: 97.2676, loss_bbox: 0.1194, loss: 0.2165
2020-07-20 06:58:57,905 - mmdet - INFO - Epoch [12][150/361]	lr: 2.500e-05, eta: 0:03:13, time: 0.939, data_time: 0.197, memory: 6902, loss_rpn_cls: 0.0036, loss_rpn_bbox: 0.0131, loss_cls: 0.1008, acc: 96.5659, loss_bbox: 0.1472, loss: 0.2648
2020-07-20 06:59:44,392 - mmdet - INFO - Epoch [12][200/361]	lr: 2.500e-05, eta: 0:02:27, time: 0.930, data_time: 0.189, memory: 6902, loss_rpn_cls: 0.0031, loss_rpn_bbox: 0.0110, loss_cls: 0.0831, acc: 97.2314, loss_bbox: 0.1171, loss: 0.2143
2020-07-20 07:00:31,051 - mmdet - INFO - Epoch [12][250/361]	lr: 2.500e-05, eta: 0:01:41, time: 0.933, data_time: 0.197, memory: 6902, loss_rpn_cls: 0.0035, loss_rpn_bbox: 0.0104, loss_cls: 0.0759, acc: 97.4834, loss_bbox: 0.1123, loss: 0.2020
2020-07-20 07:01:17,984 - mmdet - INFO - Epoch [12][300/361]	lr: 2.500e-05, eta: 0:00:55, time: 0.939, data_time: 0.199, memory: 6902, loss_rpn_cls: 0.0033, loss_rpn_bbox: 0.0113, loss_cls: 0.0881, acc: 96.9980, loss_bbox: 0.1296, loss: 0.2323
2020-07-20 07:02:04,440 - mmdet - INFO - Epoch [12][350/361]	lr: 2.500e-05, eta: 0:00:10, time: 0.929, data_time: 0.192, memory: 6902, loss_rpn_cls: 0.0035, loss_rpn_bbox: 0.0102, loss_cls: 0.0841, acc: 97.1934, loss_bbox: 0.1212, loss: 0.2190
2020-07-20 07:02:14,506 - mmdet - INFO - Saving checkpoint at 12 epochs
2020-07-20 07:03:04,788 - mmdet - INFO - Evaluating bbox...
2020-07-20 07:03:06,486 - mmdet - INFO - Epoch [12][361/361]	lr: 2.500e-05, bbox_mAP: 0.3580, bbox_mAP_50: 0.6220, bbox_mAP_75: 0.3830, bbox_mAP_s: 0.1170, bbox_mAP_m: 0.3230, bbox_mAP_l: 0.4450, bbox_mAP_copypaste: 0.358 0.622 0.383 0.117 0.323 0.445
